<?xml version="1.0" encoding="UTF-8"?>
<!-- Generated by org.testng.reporters.JUnitXMLReporter -->
<testsuite ignored="0" hostname="NT0004" failures="1" tests="24" name="Test" time="187.105" errors="0" timestamp="2023-01-19T14:33:57 IST">
  <testcase classname="sunrise.qa.testcases.contactpages.StatesPageTest" name="Verify_Navigation_Page" time="4.93"/>
  <testcase classname="sunrise.qa.testcases.contactpages.StatesPageTest" name="Verify_Navigation_Page" time="4.442"/>
  <testcase classname="sunrise.qa.testcases.contactpages.StatesPageTest" name="Verify_MaximumTab_Message" time="6.603"/>
  <testcase classname="sunrise.qa.testcases.contactpages.StatesPageTest" name="Verify_alltabclosed" time="4.174"/>
  <testcase classname="sunrise.qa.testcases.contactpages.CountryPageTest" name="Verify_Navigation_Page" time="5.128"/>
  <testcase classname="sunrise.qa.testcases.contactpages.CountryPageTest" name="Verify_Navigation_Page" time="4.481"/>
  <testcase classname="sunrise.qa.testcases.contactpages.CountryPageTest" name="Verify_MaximumTab_Message" time="6.638"/>
  <testcase classname="sunrise.qa.testcases.contactpages.CountryPageTest" name="Verify_alltabclosed" time="4.208"/>
  <testcase classname="sunrise.qa.testcases.contactpages.ContactPageTest" name="Verify_Navigation_Page" time="4.862"/>
  <testcase classname="sunrise.qa.testcases.contactpages.ContactPageTest" name="Verify_Navigation_Page" time="4.458"/>
  <testcase classname="sunrise.qa.testcases.contactpages.ContactPageTest" name="Verify_MaximumTab_Message" time="6.579"/>
  <testcase classname="sunrise.qa.testcases.contactpages.ContactPageTest" name="Verify_alltabclosed" time="4.187"/>
  <testcase classname="sunrise.qa.testcases.contactpages.CityPageTest" name="Verify_Navigation_Page" time="5.886"/>
  <testcase classname="sunrise.qa.testcases.contactpages.CityPageTest" name="Verify_Navigation_Page" time="5.518"/>
  <testcase classname="sunrise.qa.testcases.contactpages.CityPageTest" name="Verify_MaximumTab_Message" time="37.582">
    <failure type="org.openqa.selenium.NoSuchElementException" message="no such element: Unable to locate element: {&amp;quot;method&amp;quot;:&amp;quot;xpath&amp;quot;,&amp;quot;selector&amp;quot;:&amp;quot;(//span[normalize-space()=&amp;apos;Maximum tabs reached.&amp;apos;])[1]&amp;quot;}
  (Session info: chrome=109.0.5414.75)
For documentation on this error, please visit: https://selenium.dev/exceptions/#no_such_element
Build info: version: &amp;apos;4.6.0&amp;apos;, revision: &amp;apos;79f1c02ae20&amp;apos;
System info: os.name: &amp;apos;Windows 10&amp;apos;, os.arch: &amp;apos;amd64&amp;apos;, os.version: &amp;apos;10.0&amp;apos;, java.version: &amp;apos;17.0.5&amp;apos;
Driver info: org.openqa.selenium.chrome.ChromeDriver
Command: [1038c241901999c8b880e6e891b7ed09, findElement {using=xpath, value=(//span[normalize-space()=&amp;apos;Maximum tabs reached.&amp;apos;])[1]}]
Capabilities {acceptInsecureCerts: false, browserName: chrome, browserVersion: 109.0.5414.75, chrome: {chromedriverVersion: 109.0.5414.74 (e7c5703604da..., userDataDir: C:\Users\dell\AppData\Local...}, goog:chromeOptions: {debuggerAddress: localhost:60767}, networkConnectionEnabled: false, pageLoadStrategy: normal, platformName: WINDOWS, proxy: Proxy(), se:cdp: ws://localhost:60767/devtoo..., se:cdpVersion: 109.0.5414.75, setWindowRect: true, strictFileInteractability: false, timeouts: {implicit: 0, pageLoad: 300000, script: 30000}, unhandledPromptBehavior: dismiss and notify, webauthn:extension:credBlob: true, webauthn:extension:largeBlob: true, webauthn:virtualAuthenticators: true}
Session ID: 1038c241901999c8b880e6e891b7ed09">
      <![CDATA[org.openqa.selenium.NoSuchElementException: no such element: Unable to locate element: {"method":"xpath","selector":"(//span[normalize-space()='Maximum tabs reached.'])[1]"}
  (Session info: chrome=109.0.5414.75)
For documentation on this error, please visit: https://selenium.dev/exceptions/#no_such_element
Build info: version: '4.6.0', revision: '79f1c02ae20'
System info: os.name: 'Windows 10', os.arch: 'amd64', os.version: '10.0', java.version: '17.0.5'
Driver info: org.openqa.selenium.chrome.ChromeDriver
Command: [1038c241901999c8b880e6e891b7ed09, findElement {using=xpath, value=(//span[normalize-space()='Maximum tabs reached.'])[1]}]
Capabilities {acceptInsecureCerts: false, browserName: chrome, browserVersion: 109.0.5414.75, chrome: {chromedriverVersion: 109.0.5414.74 (e7c5703604da..., userDataDir: C:\Users\dell\AppData\Local...}, goog:chromeOptions: {debuggerAddress: localhost:60767}, networkConnectionEnabled: false, pageLoadStrategy: normal, platformName: WINDOWS, proxy: Proxy(), se:cdp: ws://localhost:60767/devtoo..., se:cdpVersion: 109.0.5414.75, setWindowRect: true, strictFileInteractability: false, timeouts: {implicit: 0, pageLoad: 300000, script: 30000}, unhandledPromptBehavior: dismiss and notify, webauthn:extension:credBlob: true, webauthn:extension:largeBlob: true, webauthn:virtualAuthenticators: true}
Session ID: 1038c241901999c8b880e6e891b7ed09
at org.openqa.selenium.remote.codec.w3c.W3CHttpResponseCodec.createException(W3CHttpResponseCodec.java:200)
at org.openqa.selenium.remote.codec.w3c.W3CHttpResponseCodec.decode(W3CHttpResponseCodec.java:133)
at org.openqa.selenium.remote.codec.w3c.W3CHttpResponseCodec.decode(W3CHttpResponseCodec.java:53)
at org.openqa.selenium.remote.HttpCommandExecutor.execute(HttpCommandExecutor.java:184)
at org.openqa.selenium.remote.service.DriverCommandExecutor.invokeExecute(DriverCommandExecutor.java:167)
at org.openqa.selenium.remote.service.DriverCommandExecutor.execute(DriverCommandExecutor.java:142)
at org.openqa.selenium.remote.RemoteWebDriver.execute(RemoteWebDriver.java:541)
at org.openqa.selenium.remote.ElementLocation$ElementFinder$2.findElement(ElementLocation.java:162)
at org.openqa.selenium.remote.ElementLocation.findElement(ElementLocation.java:60)
at org.openqa.selenium.remote.RemoteWebDriver.findElement(RemoteWebDriver.java:365)
at org.openqa.selenium.remote.RemoteWebDriver.findElement(RemoteWebDriver.java:357)
at org.openqa.selenium.support.pagefactory.DefaultElementLocator.findElement(DefaultElementLocator.java:70)
at org.openqa.selenium.support.pagefactory.internal.LocatingElementHandler.invoke(LocatingElementHandler.java:39)
at jdk.proxy2/jdk.proxy2.$Proxy17.isDisplayed(Unknown Source)
at sunrise.qa.contactspages.CityPage.max_msg_present(CityPage.java:51)
at sunrise.qa.testcases.contactpages.CityPageTest.Verify_MaximumTab_Message(CityPageTest.java:54)
at java.base/java.util.ArrayList.forEach(ArrayList.java:1511)
... Removed 32 stack frames]]>
    </failure>
  </testcase> <!-- Verify_MaximumTab_Message -->
  <testcase classname="sunrise.qa.testcases.contactpages.CityPageTest" name="Verify_alltabclosed" time="4.227"/>
  <testcase classname="sunrise.qa.testcases.contactpages.LocationPageTest" name="Verify_Navigation_Page" time="4.864"/>
  <testcase classname="sunrise.qa.testcases.contactpages.LocationPageTest" name="Verify_Navigation_Page" time="4.443"/>
  <testcase classname="sunrise.qa.testcases.contactpages.LocationPageTest" name="Verify_MaximumTab_Message" time="6.679"/>
  <testcase classname="sunrise.qa.testcases.contactpages.LocationPageTest" name="Verify_alltabclosed" time="4.186"/>
  <testcase classname="sunrise.qa.testcases.contactpages.ReferenceMediaPageTest" name="Verify_Navigation_Page" time="4.852"/>
  <testcase classname="sunrise.qa.testcases.contactpages.ReferenceMediaPageTest" name="Verify_Navigation_Page" time="4.443"/>
  <testcase classname="sunrise.qa.testcases.contactpages.ReferenceMediaPageTest" name="Verify_MaximumTab_Message" time="6.589"/>
  <testcase classname="sunrise.qa.testcases.contactpages.ReferenceMediaPageTest" name="Verify_alltabclosed" time="4.203"/>
</testsuite> <!-- Test -->
