<?xml version="1.0" encoding="UTF-8"?>
<!-- Generated by org.testng.reporters.JUnitXMLReporter -->
<testsuite ignored="0" hostname="NT0004" failures="0" tests="4" name="Default test" time="25.941" errors="0" timestamp="2023-01-19T15:54:35 IST">
  <testcase classname="sunrise.qa.testcases.employeepages.QualificationPageTest" name="Verify_Navigation_Page" time="4.87"/>
  <testcase classname="sunrise.qa.testcases.employeepages.QualificationPageTest" name="Verify_Navigation_Page" time="4.447"/>
  <testcase classname="sunrise.qa.testcases.employeepages.QualificationPageTest" name="Verify_MaximumTab_Message" time="6.649"/>
  <testcase classname="sunrise.qa.testcases.employeepages.QualificationPageTest" name="Verify_alltabclosed" time="4.156"/>
</testsuite> <!-- Default test -->
