<?xml version="1.0" encoding="UTF-8"?>
<!-- Generated by org.testng.reporters.JUnitXMLReporter -->
<testsuite ignored="0" hostname="ER2301053" failures="0" tests="3" name="Default test" time="32.638" errors="0" timestamp="2023-02-24T18:19:21 IST">
  <testcase classname="sunrise.qa.testcases.contactpages.ContactPageTest" name="Verify_Navigation_Page" time="7.988"/>
  <testcase classname="sunrise.qa.testcases.contactpages.ContactPageTest" name="Verify_MaximumTab_Message" time="15.163"/>
  <testcase classname="sunrise.qa.testcases.contactpages.ContactPageTest" name="Verify_alltabclosed" time="4.151"/>
</testsuite> <!-- Default test -->
