<?xml version="1.0" encoding="UTF-8"?>
<!-- Generated by org.testng.reporters.JUnitXMLReporter -->
<testsuite ignored="0" hostname="NT0004" failures="0" tests="8" name="Test" time="52.12" errors="0" timestamp="2023-01-18T17:44:52 IST">
  <testcase classname="sunrise.qa.testcases.companypages.CabinsPageTest" name="Verify_Navigation_CompanyPage" time="4.912"/>
  <testcase classname="sunrise.qa.testcases.companypages.CabinsPageTest" name="Verify_Navigation_CompanyPage" time="4.477"/>
  <testcase classname="sunrise.qa.testcases.companypages.CabinsPageTest" name="Verify_MaximumTab_Message" time="5.478"/>
  <testcase classname="sunrise.qa.testcases.companypages.CabinsPageTest" name="Verify_alltabclosed" time="4.149"/>
  <testcase classname="sunrise.qa.testcases.companypages.BankPageTest" name="Verify_Navigation_CompanyPage" time="4.95"/>
  <testcase classname="sunrise.qa.testcases.companypages.BankPageTest" name="Verify_Navigation_CompanyPage" time="4.485"/>
  <testcase classname="sunrise.qa.testcases.companypages.BankPageTest" name="Verify_MaximumTab_Message" time="5.845"/>
  <testcase classname="sunrise.qa.testcases.companypages.BankPageTest" name="Verify_alltabclosed" time="4.144"/>
</testsuite> <!-- Test -->
