<?xml version="1.0" encoding="UTF-8"?>
<testng-results ignored="0" total="4" passed="4" failed="0" skipped="0">
  <reporter-output>
  </reporter-output>
  <suite started-at="2023-01-19T18:18:56 IST" name="Default suite" finished-at="2023-01-19T18:19:34 IST" duration-ms="37703">
    <groups>
    </groups>
    <test started-at="2023-01-19T18:18:56 IST" name="Default test" finished-at="2023-01-19T18:19:34 IST" duration-ms="37703">
      <class name="sunrise.qa.testcases.kycpages.GradePageTest">
        <test-method is-config="true" signature="setup()[pri:0, instance:sunrise.qa.testcases.kycpages.GradePageTest@1a6d8329]" started-at="2023-01-19T18:18:56 IST" name="setup" finished-at="2023-01-19T18:19:04 IST" duration-ms="7638" status="PASS">
          <reporter-output>
          </reporter-output>
        </test-method> <!-- setup -->
        <test-method signature="Verify_Navigation_Page()[pri:1, instance:sunrise.qa.testcases.kycpages.GradePageTest@1a6d8329]" started-at="2023-01-19T18:19:04 IST" name="Verify_Navigation_Page" finished-at="2023-01-19T18:19:12 IST" duration-ms="7966" status="PASS">
          <reporter-output>
          </reporter-output>
        </test-method> <!-- Verify_Navigation_Page -->
        <test-method signature="Verify_Navigation_Page()[pri:1, instance:sunrise.qa.testcases.kycpages.GradePageTest@1a6d8329]" started-at="2023-01-19T18:19:12 IST" name="Verify_Navigation_Page" finished-at="2023-01-19T18:19:19 IST" duration-ms="7493" status="PASS">
          <reporter-output>
          </reporter-output>
        </test-method> <!-- Verify_Navigation_Page -->
        <test-method signature="Verify_MaximumTab_Message()[pri:2, instance:sunrise.qa.testcases.kycpages.GradePageTest@1a6d8329]" started-at="2023-01-19T18:19:19 IST" name="Verify_MaximumTab_Message" finished-at="2023-01-19T18:19:26 IST" duration-ms="6544" status="PASS">
          <reporter-output>
          </reporter-output>
        </test-method> <!-- Verify_MaximumTab_Message -->
        <test-method signature="Verify_alltabclosed()[pri:3, instance:sunrise.qa.testcases.kycpages.GradePageTest@1a6d8329]" started-at="2023-01-19T18:19:26 IST" name="Verify_alltabclosed" finished-at="2023-01-19T18:19:34 IST" duration-ms="7893" status="PASS">
          <reporter-output>
          </reporter-output>
        </test-method> <!-- Verify_alltabclosed -->
        <test-method is-config="true" signature="teardown()[pri:0, instance:sunrise.qa.testcases.kycpages.GradePageTest@1a6d8329]" started-at="2023-01-19T18:19:34 IST" name="teardown" finished-at="2023-01-19T18:19:34 IST" duration-ms="122" status="PASS">
          <reporter-output>
          </reporter-output>
        </test-method> <!-- teardown -->
      </class> <!-- sunrise.qa.testcases.kycpages.GradePageTest -->
    </test> <!-- Default test -->
  </suite> <!-- Default suite -->
</testng-results>
