<?xml version="1.0" encoding="UTF-8"?>
<testng-results ignored="0" total="6" passed="6" failed="0" skipped="0">
  <reporter-output>
  </reporter-output>
  <suite started-at="2023-03-02T15:54:32 IST" name="Default suite" finished-at="2023-03-02T15:56:59 IST" duration-ms="147750">
    <groups>
    </groups>
    <test started-at="2023-03-02T15:54:32 IST" name="Default test" finished-at="2023-03-02T15:56:59 IST" duration-ms="147750">
      <class name="sunrise.qa.testcases.contactpages.ContactPageTest">
        <test-method is-config="true" signature="setup()[pri:0, instance:sunrise.qa.testcases.contactpages.ContactPageTest@248e319b]" started-at="2023-03-02T15:54:32 IST" name="setup" finished-at="2023-03-02T15:54:39 IST" duration-ms="7149" status="PASS">
          <reporter-output>
          </reporter-output>
        </test-method> <!-- setup -->
        <test-method signature="Verify_Navigation_Page()[pri:1, instance:sunrise.qa.testcases.contactpages.ContactPageTest@248e319b]" started-at="2023-03-02T15:54:39 IST" name="Verify_Navigation_Page" finished-at="2023-03-02T15:54:47 IST" duration-ms="8101" status="PASS">
          <reporter-output>
          </reporter-output>
        </test-method> <!-- Verify_Navigation_Page -->
        <test-method signature="Verify_MaximumTab_Message()[pri:2, instance:sunrise.qa.testcases.contactpages.ContactPageTest@248e319b]" started-at="2023-03-02T15:54:47 IST" name="Verify_MaximumTab_Message" finished-at="2023-03-02T15:55:02 IST" duration-ms="14914" status="PASS">
          <reporter-output>
          </reporter-output>
        </test-method> <!-- Verify_MaximumTab_Message -->
        <test-method signature="Verify_alltabclosed()[pri:3, instance:sunrise.qa.testcases.contactpages.ContactPageTest@248e319b]" started-at="2023-03-02T15:55:02 IST" name="Verify_alltabclosed" finished-at="2023-03-02T15:55:07 IST" duration-ms="5165" status="PASS">
          <reporter-output>
          </reporter-output>
        </test-method> <!-- Verify_alltabclosed -->
        <test-method signature="Verify_recordAdded_CompanyName()[pri:4, instance:sunrise.qa.testcases.contactpages.ContactPageTest@248e319b]" started-at="2023-03-02T15:55:07 IST" name="Verify_recordAdded_CompanyName" finished-at="2023-03-02T15:55:29 IST" duration-ms="21525" status="PASS">
          <reporter-output>
          </reporter-output>
        </test-method> <!-- Verify_recordAdded_CompanyName -->
        <test-method signature="Verify_recordAdded_ContactPersonName()[pri:5, instance:sunrise.qa.testcases.contactpages.ContactPageTest@248e319b]" started-at="2023-03-02T15:55:29 IST" name="Verify_recordAdded_ContactPersonName" finished-at="2023-03-02T15:55:46 IST" duration-ms="17505" status="PASS">
          <reporter-output>
          </reporter-output>
        </test-method> <!-- Verify_recordAdded_ContactPersonName -->
        <test-method signature="Verify_DataEntry_AllData()[pri:6, instance:sunrise.qa.testcases.contactpages.ContactPageTest@248e319b]" started-at="2023-03-02T15:55:46 IST" name="Verify_DataEntry_AllData" finished-at="2023-03-02T15:56:57 IST" duration-ms="71115" status="PASS">
          <reporter-output>
          </reporter-output>
        </test-method> <!-- Verify_DataEntry_AllData -->
        <test-method is-config="true" signature="teardown()[pri:0, instance:sunrise.qa.testcases.contactpages.ContactPageTest@248e319b]" started-at="2023-03-02T15:56:57 IST" name="teardown" finished-at="2023-03-02T15:56:59 IST" duration-ms="2222" status="PASS">
          <reporter-output>
          </reporter-output>
        </test-method> <!-- teardown -->
      </class> <!-- sunrise.qa.testcases.contactpages.ContactPageTest -->
    </test> <!-- Default test -->
  </suite> <!-- Default suite -->
</testng-results>
